<?xml version="1.0" encoding="UTF-8"?>
<!-- Generated by org.testng.reporters.JUnitReportReporter -->
<testsuite hostname="DESKTOP-9OMD29T" failures="0" tests="1" name="com.selectclass.HandlingDropDown" time="5.129" errors="0" timestamp="2022-10-14T19:11:49 IST" skipped="0">
  <testcase classname="com.selectclass.HandlingDropDown" name="Select" time="5.129"/>
  <system-out/>
</testsuite> <!-- com.selectclass.HandlingDropDown -->
