<?xml version="1.0" encoding="UTF-8"?>
<!-- Generated by org.testng.reporters.JUnitReportReporter -->
<testsuite hostname="DESKTOP-9OMD29T" failures="0" tests="1" name="Screenshot.Practice" time="4.588" errors="0" timestamp="2022-10-14T19:21:02 IST" skipped="0">
  <testcase classname="Screenshot.Practice" name="teat" time="4.588"/>
  <system-out/>
</testsuite> <!-- Screenshot.Practice -->
