<?xml version="1.0" encoding="UTF-8"?>
<!-- Generated by org.testng.reporters.JUnitReportReporter -->
<testsuite hostname="DESKTOP-9OMD29T" failures="0" tests="1" name="com.action.MouseAction" time="3.549" errors="0" timestamp="2022-10-14T18:52:11 IST" skipped="0">
  <testcase classname="com.action.MouseAction" name="Test" time="3.549"/>
  <system-out/>
</testsuite> <!-- com.action.MouseAction -->
